
 grid=1,core;
 levels=1,eta, -1;
 levels=2, pres,[1000., 925., 850., 700., 500., 400., 300., 275., 250., 225., 200., 175., 150.,
125., 100., 84., 70., 60., 50., 38.7, 30., 25., 20., 15.9, 12.6, 10., 8.4,
7., 6., 5., 4., 3.5, 3.0, 2.4, 2., 1.7, 1.4, 1.2,1., .7, .5, .3, .2, .1];

 levels=3,eta, 0;
 levels=4,eta, [79, 80];
 levels=5,pres,[1000., 925., 850., 700., 500., 250.];
 levels=6,pres,[850.];

 steps=1,hour,0.;
 steps=2,hour,<0.,240.,1.>;
 steps=3,hour,<0.,240.,3.>;
 steps=4,hour,[24.,72.,120.];
 steps=5,hour,<0.,144.,3.>,<150.,240.,6.>;
 steps=6,step,<0.,144.,1.>;

 sortie_p([Z0,LH,VG,MT,MG,HS,AL,GL,LG,SD,TM,TS,TP,2F], grid, 1, levels, 1, steps, 1)
 sortie_p([EN,T2,FV,FC,FI,FS,FB,FL,SI,FQ,EI,IIR,ICR,uadv,vadv,tadv], grid, 1, levels, 1, steps, 2)
 sortie_p([EN,T2], grid, 1, levels, 2, steps, 2)
 sortie_p([TM,TG,NT,RT,PC,RC], grid, 1, levels, 1, steps, 5)
 sortie_p([PR], grid, 1, levels, 1, steps, 3)
 sortie_p([I0,I1,I2,I3,I4,I5,I6,I7,I8,I9,DN,SD],grid, 1, levels, 1, steps, 2)

 sortie([P0,PN,PT,ME], grid, 1, levels, 1, steps, 6)
 sortie([TT,GZ,ES,UU,VV,WW,DD,QQ,QR,UT1,VT1], grid, 1, levels, 2, steps, 6)
 sortie([TT,GZ,ES,HU,HR,TD,UU,VV,WW,UT1,VT1,QQ,QR,DD,MPQC], grid, 1, levels, 1, steps, 6)
 
